number,values_0,values_1,values_2,values_3,datetime_start,datetime_complete,duration,params_ckf_chi2CutOffMeasurement,params_ckf_chi2CutOffOutlier_margin,params_ckf_maxHolesAndOutliers,params_ckf_nMeasurementsMin,params_ckf_numMeasurementsCutOff,params_ckf_ptMin,params_num_seeds_per_spm,params_seed_impactMax,params_seed_minPt,params_seed_sigmaScattering,state
159,71.95703387260437,0.06505529745481908,0.0,3.6870631501078606,2026-07-23 19:44:10.486266,2026-07-23 19:46:09.915444,0 days 00:01:59.429178,15.42547097821477,25.590579819514247,3,9,1,0.7716077813377894,27,0.8457536833989032,0.6318457906032261,4.6621159242479395,COMPLETE
160,56.63220286369324,0.051876186626031995,0.0,1.7388846725225449,2026-07-23 19:44:50.767194,2026-07-23 19:45:47.916643,0 days 00:00:57.149449,19.1843918193345,25.436820253533725,1,9,1,0.44116727722716437,10,0.747529979484899,1.0144438489171306,5.538559325878769,COMPLETE
161,61.49362325668335,0.04675081872846931,0.0,2.7820062935352325,2026-07-23 19:45:18.448519,2026-07-23 19:46:48.820306,0 days 00:01:30.371787,19.003731008698637,25.708413306116118,1,9,1,0.8306073524131885,10,2.1856288109389332,0.640482645768506,4.665284232776828,COMPLETE
162,54.839420318603516,0.04609812458511442,0.0,1.9557785093784332,2026-07-23 19:45:47.936532,2026-07-23 19:46:52.124371,0 days 00:01:04.187839,19.062736517558267,25.46776649878275,1,9,1,0.7682013561305467,13,0.8520798724118765,0.9983020466602831,5.92172273592542,COMPLETE
163,63.29007148742676,0.06425782339647412,0.0,2.2131695225834846,2026-07-23 19:46:09.935723,2026-07-23 19:47:22.100461,0 days 00:01:12.164738,18.358225425961006,25.03538477690212,1,9,1,0.44221069556314646,31,0.924812900945613,0.966648528370319,5.602077421969441,COMPLETE
164,51.89543962478638,0.034921077894978225,0.0,1.4575199037790298,2026-07-23 19:46:48.839013,2026-07-23 19:47:41.673538,0 days 00:00:52.834525,18.865092397836516,24.670706323543556,1,9,1,0.7393897278561413,13,0.5417444905145135,1.0032269312611581,3.8973011540728604,COMPLETE
165,58.82093906402588,0.06684898398816586,0.0,3.690009266138077,2026-07-23 19:46:52.145575,2026-07-23 19:48:51.494971,0 days 00:01:59.349396,18.608989797216697,24.638998951311436,1,9,1,0.7996706009927692,31,3.213153261467527,0.9395830932434974,3.9253393684927036,COMPLETE
166,61.33230924606323,0.0353585957782343,0.0,1.839500904083252,2026-07-23 19:47:22.120568,2026-07-23 19:48:22.468043,0 days 00:01:00.347475,20.048495205422324,24.539790476585956,1,9,1,0.7483642716907961,9,0.736544748678523,0.920257227859194,5.517118632319361,COMPLETE
167,74.63704347610474,0.038838721229694784,0.0,2.0263771414756775,2026-07-23 19:47:41.692472,2026-07-23 19:48:47.901164,0 days 00:01:06.208692,20.16988722253052,24.850967235513238,1,9,1,0.7510129508775532,9,0.5012853311247568,0.6566942569479105,4.230721996426356,COMPLETE
168,60.800701379776,0.02980626013595611,0.0,1.9150875136256218,2026-07-23 19:48:09.968364,2026-07-23 19:49:14.686427,0 days 00:01:04.718063,20.154215533420697,24.40030276133053,1,9,1,0.7460501362652513,8,0.5134383784714347,0.904555610451785,3.859950961882705,COMPLETE
169,63.81434202194214,0.034058012533932924,0.0,1.8062087520956993,2026-07-23 19:48:22.486519,2026-07-23 19:49:21.498279,0 days 00:00:59.011760,20.523380772790787,24.057587756233165,1,9,1,0.7397927521300537,22,0.5068343354412034,0.8866221017087478,5.474383024900608,COMPLETE
170,82.91171789169312,26.377230882644653,0.1359498710371554,7.089920938014984,2026-07-23 19:48:47.920111,2026-07-23 19:52:36.714709,0 days 00:03:48.794598,20.04720680464247,24.298368916116402,2,4,5,0.7392639644800408,13,4.866302538176732,0.6538598792924806,4.115129899863778,COMPLETE
171,81.50755167007446,47.21420109272003,0.13474494917318225,18.502466596662998,2026-07-23 19:48:51.514160,2026-07-23 19:58:49.027921,0 days 00:09:57.513761,20.46122794185836,23.096822431719712,2,4,5,0.7495681876808727,62,4.6838935921604365,0.6795972507089099,4.165331652050329,COMPLETE
172,,,,,2026-07-23 19:49:14.707840,2026-07-23 19:54:29.986400,0 days 00:05:15.278560,20.62500509911796,22.83184470495334,2,4,5,1.095899152069339,13,4.790136907856116,0.6530137026423708,4.124002057447744,PRUNED
173,,,,,2026-07-23 19:49:21.516028,2026-07-23 19:51:07.472028,0 days 00:01:45.956000,21.066938017206937,23.767920754997185,1,9,5,1.103211218672288,23,0.7098262138809869,0.6722531591731927,4.171004962482462,PRUNED
174,81.2142550945282,0.1976029947400093,0.0,5.795184701681137,2026-07-23 19:51:07.493138,2026-07-23 19:54:19.045020,0 days 00:03:11.551882,20.642242699509136,22.926310627102303,1,9,4,0.7325848556496052,21,4.290054230195684,0.6528376875845987,4.115466807890726,COMPLETE
175,88.7080192565918,0.12034176615998149,0.0,3.136306256055832,2026-07-23 19:52:36.733126,2026-07-23 19:54:20.958384,0 days 00:01:44.225258,20.847754376278758,22.70145204827272,1,9,4,0.6829234209024198,21,0.597467540061665,0.6997762537065071,6.02882373280703,COMPLETE
176,76.52515172958374,5.378232523798943,0.021951968665234745,3.312892086803913,2026-07-23 19:54:19.064528,2026-07-23 19:56:06.570577,0 days 00:01:47.506049,20.916340391972447,6.288706065781122,1,4,4,0.7693354072637072,26,0.5834085087670501,0.6919799646286869,6.040338326613607,COMPLETE
177,,,,,2026-07-23 19:54:20.978031,2026-07-23 19:57:41.439932,0 days 00:03:20.461901,19.701982050866036,7.360673992367947,1,4,3,0.9615103940697425,26,4.7041422702461855,0.8378852752448518,8.122523726763937,PRUNED
178,,,,,2026-07-23 19:54:30.008388,2026-07-23 19:56:32.769599,0 days 00:02:02.761211,19.71116808395511,23.676257740010307,1,9,3,1.1967649431959078,26,0.686863176938801,0.6891380201632259,3.95290709688794,PRUNED
179,,,,,2026-07-23 19:56:06.591910,2026-07-23 19:59:29.748171,0 days 00:03:23.156261,19.586636069697626,23.474952211392303,1,9,3,1.0387601536425088,28,4.703395604080995,0.8806667586305469,8.269402246346589,PRUNED
180,,,,,2026-07-23 19:56:32.789230,2026-07-23 19:58:27.427331,0 days 00:01:54.638101,19.52698750508328,13.880490455013236,1,9,3,0.9394137875737487,62,0.5195060168582007,0.6654674134053975,4.374207101215485,PRUNED
181,83.17568302154541,0.09100758470594883,0.0,2.392445757985115,2026-07-23 19:57:41.458444,2026-07-23 19:59:00.144073,0 days 00:01:18.685629,20.521741540584312,23.934867118332523,1,9,2,0.7144679963334917,62,0.5057456741722987,0.6749073938840525,4.252982972674542,COMPLETE
182,73.58850240707397,0.11518525425344706,0.0,6.750585876405239,2026-07-23 19:58:27.446464,2026-07-23 20:02:05.162161,0 days 00:03:37.715697,20.325366720890827,24.867293922317184,1,9,2,0.706318629496084,29,3.9300674023622078,0.8764293894433559,4.2729430629675145,COMPLETE
183,70.17524838447571,0.13848994858562946,0.0,3.403148241341114,2026-07-23 19:58:49.049633,2026-07-23 20:00:40.763220,0 days 00:01:51.713587,20.253142307626646,21.972123245832606,1,9,2,0.786054392697242,24,0.501850216860205,0.6226391886680531,7.843007993672437,COMPLETE
184,73.24388027191162,0.044503781828098,0.0,2.0870199874043465,2026-07-23 19:59:00.161256,2026-07-23 20:00:08.736072,0 days 00:01:08.574816,20.209407791713716,22.158514604184138,1,9,1,0.7143399023943404,19,0.5054830420734878,0.8099589130600919,6.4935340792738305,COMPLETE
185,83.44698548316956,0.10641920380294323,0.0,6.978814817965031,2026-07-23 19:59:29.767535,2026-07-23 20:03:14.811332,0 days 00:03:45.043797,20.28717099886308,21.7857678097694,1,9,1,0.7092194794557972,56,4.003231051800632,0.716948706156575,4.273582399223765,COMPLETE
186,69.5666491985321,0.05712208803743124,0.0,2.891947165131569,2026-07-23 20:00:08.755338,2026-07-23 20:01:43.101335,0 days 00:01:34.345997,21.396140689097344,24.91696141942722,1,9,1,0.7825335077923693,68,0.7556690323526295,0.7306007618340185,5.712789134457065,COMPLETE
187,82.65141248703003,0.0612155650742352,0.0,1.9108805656433105,2026-07-23 20:00:40.782372,2026-07-23 20:01:43.311947,0 days 00:01:02.529575,21.54542927629317,10.122698667324382,1,9,1,0.704362416811273,68,0.7506628608771874,0.721040434411783,2.5438284136776166,COMPLETE
188,80.32336235046387,0.10184200946241617,0.0,3.6229898631572723,2026-07-23 20:01:43.123039,2026-07-23 20:03:41.385208,0 days 00:01:58.262169,18.943122899666687,3.1902169918337595,1,9,2,0.7312620163735385,15,2.4962730983952977,0.7061799659978354,4.315202281862402,COMPLETE
189,92.06628799438477,46.39509916305542,0.08589917561039329,11.537572979927063,2026-07-23 20:01:43.331889,2026-07-23 20:07:54.201659,0 days 00:06:10.869770,22.012118100311632,3.590394897309129,2,5,4,0.6695396134505522,77,4.97718144078825,0.7472554765140252,2.582115977758815,COMPLETE
190,,,,,2026-07-23 20:02:05.182379,2026-07-23 20:04:29.850247,0 days 00:02:24.667868,21.990425156928453,5.370486771968233,2,5,4,1.1676398132726855,72,0.965124183072643,0.7594926910764358,2.5035720516122373,PRUNED
191,,,,,2026-07-23 20:03:14.828902,2026-07-23 20:07:52.018384,0 days 00:04:37.189482,21.90844215026048,10.101891058284641,2,5,4,1.1688309132211596,74,3.47584226458127,0.7487688931739638,2.5265660592855537,PRUNED
192,,,,,2026-07-23 20:03:41.403224,2026-07-23 20:05:28.511395,0 days 00:01:47.108171,23.762680249914773,8.534794130592942,2,5,4,1.166764996623173,73,0.907743599299578,0.7495965696209946,2.5126690033507844,PRUNED
193,92.5832211971283,46.133992075920105,0.07971152081154287,13.015279181301594,2026-07-23 20:04:29.867875,2026-07-23 20:11:28.637829,0 days 00:06:58.769954,23.614349273428083,9.89297597028912,2,5,4,0.6657790937824799,74,3.490582285343393,0.7443553109731813,2.7421396205277286,COMPLETE
194,87.0032250881195,0.23361612111330032,0.0,2.519348330795765,2026-07-23 20:05:28.530558,2026-07-23 20:06:51.217148,0 days 00:01:22.686590,6.561742753187774,10.274608329506588,2,8,3,0.6649761153238056,76,1.0520460646038128,0.7249720351961627,2.2809177858057295,COMPLETE
195,83.06936621665955,0.2978850156068802,0.004255500243743882,5.636749908328056,2026-07-23 20:06:51.235515,2026-07-23 20:09:53.989196,0 days 00:03:02.753681,22.07326896150103,10.024653544653795,2,9,1,0.6897592745762369,78,3.3791720810183143,0.7804710270170847,2.7338336351984633,COMPLETE
196,79.97873425483704,0.084647600306198,0.0,5.524526059627533,2026-07-23 20:07:52.036560,2026-07-23 20:10:50.754287,0 days 00:02:58.717727,9.027968989505066,9.373088077105251,2,9,1,0.6817087204937233,59,3.7448653177097873,0.7830525082659335,2.7423419482287907,COMPLETE
197,78.88253331184387,0.08148483466356993,0.0,4.765793934464455,2026-07-23 20:07:54.222135,2026-07-23 20:10:28.029509,0 days 00:02:33.807374,7.886016825795371,16.671989892954432,6,9,1,0.6894467915271182,79,3.7633369125476666,0.775137050825808,2.1520041423280816,COMPLETE
198,82.63674974441528,0.31307630706578493,0.012866148608736694,4.595589429140091,2026-07-23 20:09:54.006932,2026-07-23 20:12:23.763439,0 days 00:02:29.756507,8.073844119623155,7.876433037884115,2,8,3,0.6863621725144097,51,2.8066000361032266,0.769387561275234,2.280294097286285,COMPLETE
199,96.07347249984741,11.757276952266693,0.25461879558861256,10.314275905489922,2026-07-23 20:10:28.047817,2026-07-23 20:15:59.555675,0 days 00:05:31.507858,23.289900496403185,8.082118379122651,2,8,3,0.5302028414483679,59,0.8316146735705454,0.3536696907705478,2.370506417600059,COMPLETE
200,92.75920391082764,25.960072875022888,0.18701094668358564,8.220720931887627,2026-07-23 20:10:50.771476,2026-07-23 20:15:16.596394,0 days 00:04:25.824918,23.1301480961575,15.26904216249422,3,8,3,0.36919509498193537,65,2.59491059426698,0.7288713710755605,2.2599692382761654,COMPLETE
201,96.3411033153534,6.265229731798172,0.34056545700877905,25.591775596141815,2026-07-23 20:11:28.655530,2026-07-23 20:25:15.622375,0 days 00:13:46.966845,11.211685200241252,15.464624196844422,3,8,3,0.6303688139207719,52,2.8082431942003807,0.36317242544861233,2.3634938121065403,COMPLETE
202,91.31837487220764,1.476326398551464,0.06988527020439506,6.21661539375782,2026-07-23 20:12:23.781117,2026-07-23 20:15:45.987030,0 days 00:03:22.205913,21.474798106348967,15.271240553344668,3,9,3,0.527179821447451,53,2.6047526280500652,0.7282857307854252,2.3853836751473665,COMPLETE
203,90.54480195045471,0.17014304175972939,0.0,5.002375401556492,2026-07-23 20:15:16.611413,2026-07-23 20:17:58.037252,0 days 00:02:41.425839,21.46331203878994,11.798671636573875,1,9,1,0.5178446328668217,54,4.426997648705743,0.7097972757579899,2.000770435374707,COMPLETE
204,90.93708992004395,0.6421740166842937,0.011024446575902402,4.559483826160431,2026-07-23 20:15:46.003241,2026-07-23 20:18:13.597607,0 days 00:02:27.594366,27.958807080944766,12.067542699487761,1,9,5,0.46298504098269483,58,1.6827742429569188,0.7195072491945101,2.878739829077457,COMPLETE
205,83.59363675117493,0.044419767800718546,0.0,4.574368432164192,2026-07-23 20:15:59.572562,2026-07-23 20:18:27.354940,0 days 00:02:27.782378,5.731527189300632,12.0527349202032,1,9,5,0.4657667450493438,42,3.091051153325998,0.7111234697364327,2.856065368198607,COMPLETE
206,62.01055645942688,24.89372342824936,0.02917395904660225,7.38879257440567,2026-07-23 20:17:58.054199,2026-07-23 20:21:55.896993,0 days 00:03:57.842794,28.099907752356195,18.646154606892125,1,6,5,0.8695826745453055,69,2.987347036210875,0.7047197229992324,2.9006136289384292,COMPLETE
207,93.12582612037659,1.7879724502563477,0.0,4.114712990820408,2026-07-23 20:18:13.617579,2026-07-23 20:20:28.424312,0 days 00:02:14.806733,11.153388226815753,13.006734362381806,1,6,1,0.6239819023902846,46,0.8039942710343632,0.7021332585211395,9.912373312356138,COMPLETE
208,52.44537591934204,2.074243128299713,0.0,4.720902845263481,2026-07-23 20:18:27.372118,2026-07-23 20:20:59.874530,0 days 00:02:32.502412,6.570309194253728,10.829593242016223,1,6,2,0.9096970275258622,45,1.0668211047390619,0.70345422185152,9.459288759259746,COMPLETE
209,68.71975660324097,0.03688092692755163,0.0,2.870411902666092,2026-07-23 20:20:28.441590,2026-07-23 20:22:04.469701,0 days 00:01:36.028111,6.347321963976758,6.898688240866244,1,9,2,0.7039811372722852,49,1.0458662756745252,0.8200577944525441,2.598864852834787,COMPLETE
210,,,,,2026-07-23 20:20:59.890757,2026-07-23 20:22:38.138279,0 days 00:01:38.247522,28.704932391276756,17.92270994083139,1,9,2,1.0641670590652983,50,0.9946465043739898,0.7297854422199292,2.5527196087393937,PRUNED
211,,,,,2026-07-23 20:21:55.913233,2026-07-23 20:23:19.258027,0 days 00:01:23.344794,22.42523736748653,1.316227649474964,1,9,2,1.067483063507131,41,1.0112716932785255,0.7350619582510894,2.698994518707079,PRUNED
212,,,,,2026-07-23 20:22:04.485995,2026-07-23 20:24:38.938786,0 days 00:02:34.452791,21.37580159041521,17.789588793444917,1,9,2,1.0674671141227214,71,1.919085346412432,0.7327536228510105,2.36716323484884,PRUNED
213,,,,,2026-07-23 20:22:38.156219,2026-07-23 20:23:33.491699,0 days 00:00:55.335480,22.63838758403755,1.2743387442875012,1,7,2,0.9682630086425439,67,1.5293412349040834,1.1272725126708831,2.199377990384918,PRUNED
214,73.5335111618042,1.0547512210905552,0.0047943234676495194,2.6243520453572273,2026-07-23 20:23:19.274073,2026-07-23 20:24:44.978074,0 days 00:01:25.704001,22.5527909389275,13.556568231073129,1,7,2,0.7258803351008865,67,1.889210312147994,0.8505660958996899,2.2551519950819254,COMPLETE
215,92.33758449554443,11.985667794942856,0.03044425102416426,10.043909318745136,2026-07-23 20:23:33.507227,2026-07-23 20:28:56.840353,0 days 00:05:23.333126,21.051708614583386,14.064170830775645,1,4,3,0.5022063323042779,64,3.136044884046305,0.7596444626320695,7.215835121077781,COMPLETE
216,87.241530418396,3.2590188086032867,0.003959925379604101,4.592865705490112,2026-07-23 20:24:38.957663,2026-07-23 20:27:07.983055,0 days 00:02:29.025392,5.052310140781685,4.73961793999283,1,4,3,0.6689010759891301,42,0.7963806607754663,0.682596522698753,6.692229070076302,COMPLETE
217,79.68910336494446,3.182586655020714,0.0,1.9287502020597458,2026-07-23 20:24:44.994633,2026-07-23 20:25:48.295326,0 days 00:01:03.300693,21.07185930120682,16.612849329281925,1,4,3,0.7022044674701556,64,0.7410204987255552,0.794594652443587,2.4630908408936514,COMPLETE
218,95.12758255004883,4.2098551988601685,0.0,4.979031927883625,2026-07-23 20:25:15.638373,2026-07-23 20:27:57.690361,0 days 00:02:42.051988,21.057146008972026,16.459313625174325,1,4,1,0.49394131147317916,47,0.7900178317398072,0.6880709288876059,7.501193193118153,COMPLETE
219,78.81653904914856,0.0550635508261621,0.0,3.643837057054043,2026-07-23 20:25:48.311035,2026-07-23 20:27:46.678683,0 days 00:01:58.367648,9.818170077620113,14.331364121794339,1,9,1,0.7235924389611761,47,0.8252742726781348,0.6854028018804086,7.155974636982867,COMPLETE
220,93.53277683258057,7.4830301105976105,0.005452116965898313,5.203587613999844,2026-07-23 20:27:08.001640,2026-07-23 20:29:56.214328,0 days 00:02:48.212688,27.37955701520745,5.555152028569907,1,5,1,0.49774229941565,76,0.8814823308089275,0.7160883130654722,7.220218870594602,COMPLETE
221,,,,,2026-07-23 20:27:46.697018,2026-07-23 20:28:34.232847,0 days 00:00:47.535829,21.103909555294397,20.270793335186763,1,5,1,0.49935382481775437,43,0.8932846080579616,1.177027626092075,2.7986836923949263,PRUNED
222,90.37615656852722,0.18583460478112102,0.0,6.5683659464120865,2026-07-23 20:27:57.706546,2026-07-23 20:31:30.056323,0 days 00:03:32.349777,21.746098116347817,2.2826650375506397,1,9,1,0.4846200359834911,76,3.1449500229087994,0.715228510396549,2.665061440091535,COMPLETE
223,93.0525004863739,0.21242927759885788,0.0,8.282561287283897,2026-07-23 20:28:34.251023,2026-07-23 20:33:00.877034,0 days 00:04:26.626011,21.888587195514134,5.899288846321884,1,9,1,0.4804835864652386,38,1.2215697005982151,0.30538600755994105,8.89518957104676,COMPLETE
224,80.53966760635376,0.08718050085008144,0.0,3.4727778658270836,2026-07-23 20:28:56.859263,2026-07-23 20:30:50.240048,0 days 00:01:53.380785,5.5397907292451585,5.577901312354673,1,9,1,0.4772439931509917,38,2.379364101044019,0.7180803001520593,2.6689480645077635,COMPLETE
225,86.5779459476471,0.16388701042160392,0.0,4.933138318359852,2026-07-23 20:29:56.232080,2026-07-23 20:32:35.899181,0 days 00:02:39.667101,21.924328542424345,2.430550453266905,1,9,1,0.4759372724605892,61,2.4205905115261785,0.7524959729058681,2.626478207586879,COMPLETE
226,,,,,2026-07-23 20:30:50.258081,2026-07-23 20:33:30.932014,0 days 00:02:40.673933,21.788406464081888,2.152308042217685,1,9,1,0.9901441099581878,80,1.2002645508463063,0.7478628141163947,8.657636615069855,PRUNED
227,55.07039427757263,0.0852012075483799,0.0,2.6618567556142807,2026-07-23 20:31:30.074963,2026-07-23 20:32:57.561505,0 days 00:01:27.486542,29.29026297662454,4.168203435941654,1,9,1,0.6988379768607588,57,0.6913169000249654,1.0635799991817343,7.784636781649304,COMPLETE
228,,,,,2026-07-23 20:32:35.916643,2026-07-23 20:34:02.686226,0 days 00:01:26.769583,24.155635440541133,13.378923219732133,1,6,1,1.019635397332774,70,0.6929661416710913,1.090790219983437,7.793924747478916,PRUNED
229,,,,,2026-07-23 20:32:57.579630,2026-07-23 20:35:59.910111,0 days 00:03:02.330481,12.674644215526742,10.68058230132673,1,6,1,0.986019523174557,71,0.7529303839846931,0.6980675647465957,9.918139145786455,PRUNED
230,92.3449158668518,0.23183338344097137,0.0,4.907209798693657,2026-07-23 20:33:00.895988,2026-07-23 20:35:39.572507,0 days 00:02:38.676519,21.440122099757417,13.076749966676017,6,9,1,0.6603965605927601,55,0.7600286080854234,0.6942655193464659,9.137802635783565,COMPLETE
231,,,,,2026-07-23 20:33:30.949208,2026-07-23 20:34:23.318486,0 days 00:00:52.369278,21.416956174492217,13.064676817630403,6,6,1,0.731652678139672,55,0.7018216175100083,1.1494200740151346,2.4532855219204106,PRUNED
232,92.19827055931091,69.11112070083618,0.011353701847838238,9.070703864097595,2026-07-23 20:34:02.704208,2026-07-23 20:38:55.874770,0 days 00:04:53.170562,11.19974515406739,10.721936185841582,6,6,1,0.6545020301766504,44,0.7386597250272895,0.6947331495992238,8.41592725521484,COMPLETE
233,77.66168117523193,0.0851636053994298,0.0,6.725865975022316,2026-07-23 20:34:23.334982,2026-07-23 20:38:00.684692,0 days 00:03:37.349710,22.26751385582422,10.88350373066879,1,9,1,0.6591301644436431,44,4.222354913276386,0.9034551320837481,9.906407270217208,COMPLETE
234,71.5280830860138,0.07457492174580693,0.0,4.333323188126087,2026-07-23 20:35:39.589173,2026-07-23 20:38:02.711781,0 days 00:02:23.122608,22.443010292324104,11.149420631966724,1,9,1,0.6919898927028794,47,4.063975935459437,0.8939029593126209,3.0351393037591174,COMPLETE
235,82.99604058265686,0.04334445984568447,0.0,3.0507828816771507,2026-07-23 20:35:59.926921,2026-07-23 20:37:39.600587,0 days 00:01:39.673666,13.544307406249093,16.230513911383838,1,9,5,0.6948511319302308,47,0.8211899985998874,0.7382534047763817,2.932162073599218,COMPLETE
236,,,,,2026-07-23 20:37:39.619069,2026-07-23 20:42:45.197840,0 days 00:05:05.578771,24.85243293893129,16.011038245499638,1,9,1,1.1161471980696627,45,4.237070896475709,0.5884847414842469,3.0231033843774346,PRUNED
237,82.21513628959656,0.06596596213057637,0.0,1.9096507877111435,2026-07-23 20:38:00.702604,2026-07-23 20:39:05.784426,0 days 00:01:05.081822,20.848178070774615,16.16443445770834,1,9,1,0.694759212229133,48,0.6481845927872059,0.7394077604141135,3.1032144012477803,COMPLETE
238,82.95204639434814,1.5754418447613716,0.0,1.6232709363102913,2026-07-23 20:38:02.729145,2026-07-23 20:38:57.735672,0 days 00:00:55.006527,18.02857751755596,16.507239779454757,1,5,1,0.7168939564817552,46,0.6243956122992171,0.7274774650194833,2.040623377729519,COMPLETE
239,90.49714207649231,4.394089803099632,0.012820101983379573,4.761127673089504,2026-07-23 20:38:55.891975,2026-07-23 20:41:29.969762,0 days 00:02:34.077787,18.489999918438404,16.167733521237263,1,5,4,0.5539943460952433,47,0.630344266321579,0.7398641152310333,7.541133741004938,COMPLETE
240,80.35269379615784,2.1939197555184364,0.0,1.739797942340374,2026-07-23 20:38:57.752975,2026-07-23 20:39:54.936013,0 days 00:00:57.183038,18.123954297355766,16.312414928231224,1,5,4,0.7233971470984067,47,0.6278069363364877,0.7647535186345759,2.0462568261414367,COMPLETE
