number,values_0,values_1,values_2,values_3,datetime_start,datetime_complete,duration,params_ckf_chi2CutOffMeasurement,params_ckf_chi2CutOffOutlier_margin,params_ckf_maxHolesAndOutliers,params_ckf_nMeasurementsMin,params_ckf_numMeasurementsCutOff,params_ckf_ptMin,params_num_seeds_per_spm,params_seed_impactMax,params_seed_minPt,params_seed_sigmaScattering,state
241,79.92740869522095,2.2146208211779594,0.0,1.70922040194273,2026-07-23 20:39:05.801400,2026-07-23 20:40:01.825873,0 days 00:00:56.024473,17.928049910352314,17.249352134518784,1,5,4,0.7320221204290636,46,0.6217921445396246,0.7592532787176254,2.001196017951619,COMPLETE
242,78.8532018661499,1.5458589419722557,0.0,1.6064246147871017,2026-07-23 20:39:54.953392,2026-07-23 20:40:48.279567,0 days 00:00:53.326175,17.915507509040772,17.114935972100213,1,5,1,0.7398079329486246,45,0.6248643972617078,0.7342261652167534,2.0199776465507737,COMPLETE
243,88.56503963470459,1.9482174888253212,0.0,1.5935206562280655,2026-07-23 20:40:01.845128,2026-07-23 20:40:54.340128,0 days 00:00:52.495000,18.454878463721826,19.269914132386592,1,5,1,0.5421388587059426,45,0.6100442794289254,0.7318069192553346,2.080818874146118,COMPLETE
244,96.07347249984741,2.3305436596274376,0.0,1.9819071367383003,2026-07-23 20:40:48.296479,2026-07-23 20:41:53.113502,0 days 00:01:04.817023,18.5415163450248,15.806102502138767,1,5,1,0.5512469071821351,46,0.59012282330218,0.5922896295474317,2.0751046797860084,COMPLETE
245,96.65639996528625,4.89911288022995,0.005186990892980248,2.557902507483959,2026-07-23 20:40:54.357027,2026-07-23 20:42:17.701031,0 days 00:01:23.344004,18.753822445169998,19.07996743900424,1,5,5,0.5650244242414407,35,0.612006667045235,0.5641311180548414,2.1705970128827112,COMPLETE
246,97.51062989234924,10.399087518453598,0.03648802812676877,8.588342174887657,2026-07-23 20:41:29.988117,2026-07-23 20:46:07.178303,0 days 00:04:37.190186,18.629178700123813,20.398984938184498,1,4,5,0.5452675481013151,40,2.6903153163009828,0.5871930367717263,2.153601107813879,COMPLETE
247,97.45930433273315,29.509589076042175,0.0690717832185328,7.411307528614998,2026-07-23 20:41:53.133196,2026-07-23 20:45:52.093503,0 days 00:03:58.960307,18.687322826155498,15.662561265417704,2,5,2,0.5433870012632286,49,2.7026409032773704,0.5865551813395211,2.2232220618822747,COMPLETE
248,96.59041166305542,4.245130717754364,0.0026901969249593094,2.43426962941885,2026-07-23 20:42:17.719039,2026-07-23 20:43:37.169646,0 days 00:01:19.450607,18.58065930092941,19.080477904737037,1,5,5,0.5672939177444253,43,0.600728818730267,0.5873220923180743,2.1901690217091194,COMPLETE
249,96.5977430343628,4.321210086345673,0.005144297392689623,3.176320217549801,2026-07-23 20:42:45.215056,2026-07-23 20:44:28.836314,0 days 00:01:43.621258,18.74705001275055,19.328613002162623,1,5,5,0.5433048031260109,50,0.5802319818581602,0.5802359256729276,2.1740367388803516,COMPLETE
250,96.5940773487091,4.109659790992737,0.00775895532569848,2.3788061141967773,2026-07-23 20:43:37.186912,2026-07-23 20:44:54.625574,0 days 00:01:17.438662,18.515327035420533,18.947977253206766,1,5,5,0.5459617180986444,49,0.5739234473883374,0.579749776934541,2.145193622138167,COMPLETE
251,96.04047536849976,2.285052463412285,0.0,2.5629885867238045,2026-07-23 20:44:28.854942,2026-07-23 20:45:52.779224,0 days 00:01:23.924282,18.394986894280006,18.934853604450858,1,5,1,0.5621861088587773,44,0.582397996418443,0.5953423372790829,2.1715879841933194,COMPLETE
252,96.01847529411316,2.259676158428192,0.0,1.9347543567419052,2026-07-23 20:44:54.644285,2026-07-23 20:45:58.570970,0 days 00:01:03.926685,18.37645253912543,18.837069420712915,1,5,1,0.5631364983476639,43,0.5831820920919764,0.6050738579813064,2.1672828952656498,COMPLETE
253,95.59686183929443,1.672060415148735,0.0029965240173623897,2.4554921984672546,2026-07-23 20:46:22.743860,2026-07-23 20:47:45.449787,0 days 00:01:22.705927,13.459759084065716,19.99342272305092,1,5,1,0.5735907491050876,40,0.5730887629942951,0.6140169901959274,2.2015020094034665,COMPLETE
254,95.61886191368103,1.7011724412441254,0.0029534245186368935,1.8772751912474632,2026-07-23 20:46:22.763204,2026-07-23 20:47:26.078309,0 days 00:01:03.315105,13.776596373922823,19.928063157846434,1,5,1,0.5646791454228416,43,0.5791330757079594,0.6123002728174639,2.146266304454106,COMPLETE
255,96.70772552490234,3.306521102786064,0.002783266972983256,4.4390173479914665,2026-07-23 20:46:22.779955,2026-07-23 20:48:47.915602,0 days 00:02:25.135647,13.454638331573575,19.707693301660374,1,5,1,0.5678237156191314,40,2.8617748752628978,0.6108142099284302,2.1651148313923048,COMPLETE
256,97.08168506622314,5.55480420589447,0.0027043837690143846,6.086615368723869,2026-07-23 20:46:22.807202,2026-07-23 20:49:41.660451,0 days 00:03:18.853249,18.177200481062645,20.328614262762233,1,5,1,0.5656003629137432,42,2.760675114230196,0.6196614186620353,2.2496624700379773,COMPLETE
257,95.63719034194946,1.6623489558696747,0.00616827019257471,1.9012358412146568,2026-07-23 20:47:26.102453,2026-07-23 20:48:28.684677,0 days 00:01:02.582224,13.652440400630752,20.16323584380761,1,5,1,0.5941441402293524,40,0.5909423495990351,0.6145141493201092,2.1529077964225234,COMPLETE
258,95.64085602760315,1.6970697790384293,0.006356067024171352,2.4639378637075424,2026-07-23 20:47:45.470859,2026-07-23 20:49:08.296210,0 days 00:01:22.825351,13.922787475339558,19.685480699788656,1,5,1,0.5962877997291085,43,0.6578201661160898,0.6377911546227314,2.121168576905683,COMPLETE
259,95.62985897064209,1.7550576478242874,0.0029447273846017197,2.0009523779153824,2026-07-23 20:48:28.706714,2026-07-23 20:49:36.346192,0 days 00:01:07.639478,12.780584695709711,19.59305617974603,1,5,1,0.5315822922689195,43,0.6689935822320123,0.629859119122334,2.3091625834559224,COMPLETE
260,96.61240577697754,3.0843984335660934,0.002640752063598484,4.636239029467106,2026-07-23 20:48:47.936402,2026-07-23 20:51:18.182543,0 days 00:02:30.246141,12.436984637302197,18.334304025951422,1,5,1,0.5351757198117496,41,2.838051677529523,0.6056301757087569,2.318440658205241,COMPLETE
261,96.61607146263123,3.011617064476013,0.002752849286480341,6.112438961863518,2026-07-23 20:49:08.315940,2026-07-23 20:52:26.115842,0 days 00:03:17.799902,12.401901516701246,20.474894380317778,1,5,1,0.5547471920743995,41,2.9104984980477577,0.6140988257722017,2.291199314315864,COMPLETE
262,96.48775458335876,2.8948523104190826,0.0,4.369509004056454,2026-07-23 20:49:36.368486,2026-07-23 20:51:57.668852,0 days 00:02:21.300366,11.823185146634549,21.04296761965545,1,5,1,0.557933833031124,45,2.8416097360027037,0.6042725500261734,2.0094453819639893,COMPLETE
263,96.88737392425537,4.101208597421646,0.005035246795159765,7.0958632454276085,2026-07-23 20:49:41.678908,2026-07-23 20:53:30.667390,0 days 00:03:48.988482,14.243166459359346,18.03015914488412,1,5,1,0.5496667272948703,45,2.782486338482524,0.5601690506875315,2.311015710314303,COMPLETE
264,96.82137966156006,3.904566541314125,0.0025654182536527514,4.688652388751507,2026-07-23 20:51:18.205817,2026-07-23 20:53:49.716063,0 days 00:02:31.510246,14.158981159138518,20.92677657012926,1,5,1,0.5511559688320734,46,2.7732321006531713,0.5731937846161426,2.0012383088187264,COMPLETE
265,96.91303968429565,4.252476617693901,0.002520732959965244,4.967409923672676,2026-07-23 20:51:57.687242,2026-07-23 20:54:38.291213,0 days 00:02:40.603971,14.461730802049946,20.685695637657467,1,5,1,0.5510975758258745,45,2.939742822502729,0.5597802839964426,2.012822539701181,COMPLETE
266,96.4767575263977,2.8802137821912766,0.0,4.729712478816509,2026-07-23 20:52:26.133517,2026-07-23 20:55:00.951941,0 days 00:02:34.818424,11.910757058803823,20.714257948366996,1,5,1,0.5814923768687996,45,2.7323397294170553,0.5996193671440545,2.0062790933652908,COMPLETE
267,96.82504534721375,3.8879811763763428,0.0025528439437039196,5.216348238289356,2026-07-23 20:53:30.688804,2026-07-23 20:56:21.515439,0 days 00:02:50.826635,14.083435892889097,21.22163946516683,1,5,1,0.5543780740215497,45,2.6544891255128693,0.557536844850787,2.050620510436546,COMPLETE
268,96.75539135932922,3.3787887543439865,0.0027604482966125943,4.69600148499012,2026-07-23 20:53:49.744738,2026-07-23 20:56:21.707846,0 days 00:02:31.963108,13.239706722177534,21.23964757507859,1,5,1,0.5806734968833253,45,2.7057539428431703,0.5681505998527325,2.0544368067808594,COMPLETE
269,95.83516716957092,1.733371801674366,0.002879355088225566,2.1413747146725655,2026-07-23 20:54:38.322248,2026-07-23 20:55:48.410180,0 days 00:01:10.087932,13.260582334446212,21.16409828756809,1,5,1,0.5784951381717398,45,0.7035548670611678,0.5748554481409627,2.0072035794924483,COMPLETE
270,95.87182998657227,1.898767426609993,0.0026335193979321048,2.1279682144522667,2026-07-23 20:55:00.980023,2026-07-23 20:56:10.669703,0 days 00:01:09.689680,14.178018709147933,19.645652296855463,1,5,1,0.5283387676215104,45,0.6684777369860813,0.575065642668222,2.0444065650640724,COMPLETE
271,95.62985897064209,1.777508668601513,0.0027515614419826306,1.838975690305233,2026-07-23 20:55:48.431729,2026-07-23 20:56:48.773074,0 days 00:01:00.341345,14.711840066634306,19.735772778307528,1,5,1,0.5239267932525892,48,0.5032058338580832,0.593106564774609,2.109449678082788,COMPLETE
272,95.5565333366394,1.6765577718615532,0.002967359068861697,1.772656038403511,2026-07-23 20:56:10.696567,2026-07-23 20:57:08.972128,0 days 00:00:58.275561,14.557693476214068,21.202521246133674,1,5,1,0.5560557764770002,48,0.5034259969318089,0.6169630934397136,2.168831251934558,COMPLETE
273,95.59686183929443,1.8148504197597504,0.002908413989644032,1.875668965280056,2026-07-23 20:56:21.539228,2026-07-23 20:57:24.305926,0 days 00:01:02.766698,14.697875542576643,19.156046716345045,1,5,1,0.5224799116774113,48,0.5163682789252934,0.6221727023012884,2.3768404548457394,COMPLETE
274,95.75084447860718,2.0072247833013535,0.0029132435884093866,1.8314472660422325,2026-07-23 20:56:21.758914,2026-07-23 20:57:22.005306,0 days 00:01:00.246392,17.255160653188856,19.1460756348999,1,5,1,0.5155195102559645,42,0.500229250924222,0.6275569056288107,2.3958726668455816,COMPLETE
275,95.69951891899109,1.867937296628952,0.0027229407351114787,1.94576083868742,2026-07-23 20:56:48.803799,2026-07-23 20:57:53.330028,0 days 00:01:04.526229,14.815322773241379,14.606210924750112,1,5,1,0.5116570544880237,49,0.5108417456619071,0.5956713567465424,2.4263336537273945,COMPLETE
276,95.48320770263672,1.7989223822951317,0.0030438621251960285,1.7551502734422684,2026-07-23 20:57:08.999611,2026-07-23 20:58:06.743218,0 days 00:00:57.743607,15.175057153450663,17.25804905035563,1,5,1,0.5161545252583133,49,0.504886868778896,0.6448705277665,2.38650358315225,COMPLETE
277,95.68851590156555,1.8779342994093895,0.006057852442609146,1.9091333597898483,2026-07-23 20:57:22.031254,2026-07-23 20:58:24.775300,0 days 00:01:02.744046,15.061121500767683,17.383802815590805,1,5,1,0.5464556562502099,49,0.5896845070271612,0.6384035267733774,2.3848243341806192,COMPLETE
278,95.68485021591187,1.8750190734863281,0.006117517477832735,1.9342793822288513,2026-07-23 20:57:24.333734,2026-07-23 20:58:28.527878,0 days 00:01:04.194144,15.201803509829778,17.259862390366838,1,5,1,0.5497961688642413,50,0.6068261866578861,0.6440520546181014,2.434139196465533,COMPLETE
279,95.64452171325684,1.8741019070148468,0.0030572624382330105,1.846031166613102,2026-07-23 20:57:53.354630,2026-07-23 20:58:53.944711,0 days 00:01:00.590081,15.517144499615119,17.525542866557846,1,5,1,0.5437858254533785,51,0.6028032816444414,0.6445321961709042,2.222757844505867,COMPLETE
280,96.0074782371521,2.6522237807512283,0.0,2.0378658697009087,2026-07-23 20:58:06.765154,2026-07-23 20:59:13.540517,0 days 00:01:06.775363,19.189444304198183,14.979387285840158,1,5,1,0.5454230344894043,50,0.6781071501951009,0.6505302953800591,2.504627179962407,COMPLETE
281,95.80950140953064,2.447606809437275,0.003114003629889339,1.9488024711608887,2026-07-23 20:58:24.796338,2026-07-23 20:59:28.578641,0 days 00:01:03.782303,19.05888992239763,16.938570660121137,1,5,1,0.5602023574175272,47,0.681618418171272,0.6585754813662941,2.2746194969277975,COMPLETE
282,96.36676907539368,2.9978180304169655,0.0031622552342014387,2.5011072754859924,2026-07-23 20:58:28.546781,2026-07-23 20:59:50.281642,0 days 00:01:21.734861,19.17063840290919,14.751315286980969,1,5,1,0.6223290484699875,47,0.746691252662717,0.5588100654791698,2.286529808728195,COMPLETE
283,96.35577201843262,3.103479743003845,0.0030337045245687477,2.4807213246822357,2026-07-23 20:58:53.986509,2026-07-23 21:00:17.829428,0 days 00:01:23.842919,19.26760592758072,15.530184057364847,1,5,1,0.6081501620291192,47,0.7146733034365246,0.5471427653101485,2.2685740552646574,COMPLETE
284,97.15501070022583,6.183331459760666,0.0029304888812475838,5.259214527904987,2026-07-23 20:59:13.562923,2026-07-23 21:02:03.530905,0 days 00:02:49.967982,17.936400547956712,9.398253574814055,1,5,1,0.6162670911627443,47,2.9288131499613517,0.5504192505343526,2.0151625112096774,COMPLETE
285,97.1403419971466,5.8463204652071,0.0027103944375994615,4.806990034878254,2026-07-23 20:59:28.601793,2026-07-23 21:02:04.655428,0 days 00:02:36.053635,17.877147316258352,15.476481586199624,1,5,1,0.5851891559319963,46,2.8797420974839723,0.5814989315474113,2.018337472245871,COMPLETE
286,97.18433618545532,6.518010050058365,0.002766557918221224,5.50282260030508,2026-07-23 20:59:50.302873,2026-07-23 21:02:48.433526,0 days 00:02:58.130653,18.117070048957622,18.352230455037475,1,5,1,0.5980387582773573,46,2.9601291575654107,0.5408676637259767,2.034464519050752,COMPLETE
287,97.15133905410767,6.118062138557434,0.0027558837246033363,4.935682989656925,2026-07-23 21:00:17.848817,2026-07-23 21:02:57.829261,0 days 00:02:39.980444,18.024444983337705,9.3645386443112,1,5,1,0.5938564988842124,46,2.9765078935544027,0.5774043067342693,2.0230956900605697,COMPLETE
288,60.12978553771973,1.5369782224297523,0.0,1.3940007090568542,2026-07-23 21:02:03.553729,2026-07-23 21:02:49.891726,0 days 00:00:46.337997,17.522271725270954,9.454380609649895,1,5,1,0.5884991228771937,46,0.8335164464310307,0.9655325446907513,2.019300097035149,COMPLETE
289,97.12567925453186,5.845070257782936,0.0027085590772912838,5.003334008157253,2026-07-23 21:02:04.679452,2026-07-23 21:04:46.266134,0 days 00:02:41.586682,17.51758756198837,10.137298670134788,1,5,1,0.5867844095871103,44,3.0031986015034837,0.5668536415085845,2.0102507335885065,COMPLETE
290,91.09106659889221,3.6889974027872086,0.0,2.8567136749625206,2026-07-23 21:02:48.456943,2026-07-23 21:04:22.670064,0 days 00:01:34.213121,18.76920508148711,15.292150725947284,1,5,1,0.5910084251892394,45,1.9957212657888537,0.7302342418993656,2.0223874534859005,COMPLETE
291,68.36046576499939,71.51076793670654,0.006737273361068219,2.9974352046847343,2026-07-23 21:02:49.987511,2026-07-23 21:04:27.741517,0 days 00:01:37.754006,17.002826384332597,9.723252606834636,5,5,1,0.5855901140930427,30,1.5770577051572983,0.9353009690480384,2.0106534158261984,COMPLETE
292,69.73530054092407,76.53065323829651,0.0053631956689059734,4.200593359768391,2026-07-23 21:02:57.853620,2026-07-23 21:05:13.956605,0 days 00:02:16.102985,16.423819520150822,8.64324375569999,5,5,1,0.5910270127220183,36,2.4979047575210753,0.9299453326071044,2.014403802224476,COMPLETE
293,70.9598183631897,72.00456261634827,0.007694576925132424,3.6514750868082047,2026-07-23 21:04:22.700672,2026-07-23 21:06:20.984983,0 days 00:01:58.284311,16.05423206125992,8.63380621346511,5,5,1,0.6005164190977084,33,1.5550559090751692,0.9163746685960614,2.5310360956849483,COMPLETE
294,60.95834970474243,1.8339822068810463,0.0,1.7706587761640549,2026-07-23 21:04:27.772171,2026-07-23 21:05:26.893785,0 days 00:00:59.121614,16.148997307986427,8.184847029244585,1,5,1,0.6370131732094476,36,1.413150902064692,0.9960351264935132,2.503831928947914,COMPLETE
295,68.0525004863739,1.8723446875810623,0.0,1.9508126378059387,2026-07-23 21:04:46.297493,2026-07-23 21:05:52.459676,0 days 00:01:06.162183,15.997829030934154,10.365438935955375,1,5,1,0.6132102486090378,52,1.4110804805779376,0.9262130402699817,2.5365162686639806,COMPLETE
296,95.3915536403656,2.7160663157701492,0.006867424235679209,2.7382304966449738,2026-07-23 21:05:13.977962,2026-07-23 21:06:42.802031,0 days 00:01:28.824069,17.0318754780521,11.553840705712085,1,5,1,0.6375556517040855,33,1.337588512577021,0.6780952531310245,2.5157182658095296,COMPLETE
297,62.47250437736511,1.803411915898323,0.0,1.7771694958209991,2026-07-23 21:05:26.918737,2026-07-23 21:06:25.192856,0 days 00:00:58.274119,15.858076860835533,7.355500340217434,1,5,1,0.608708805078321,23,1.285387864135656,0.9753792161870953,2.6040310945404,COMPLETE
298,55.73031306266785,1.8290452659130096,0.0,1.5438719987869263,2026-07-23 21:05:52.484200,2026-07-23 21:06:43.684409,0 days 00:00:51.200209,17.395043019505575,0.12758806815756607,1,5,1,0.6063820264948077,23,1.278001918518824,1.043445846893646,2.160818977348207,COMPLETE
299,55.770641565322876,1.9230769947171211,0.0,1.5880483761429787,2026-07-23 21:06:21.020075,2026-07-23 21:07:20.433172,0 days 00:00:59.413097,17.118970418328402,11.386289487269192,1,5,1,0.5737782539512412,23,1.3372809410440938,1.0456925234881305,2.156539004087841,COMPLETE
300,60.65039038658142,1.5200183726847172,0.0,1.4180700778961182,2026-07-23 21:06:25.222077,2026-07-23 21:07:12.205550,0 days 00:00:46.983473,17.277751997075132,18.245912968382815,1,5,1,0.6348662013502674,48,0.8350567384900481,0.963037272270895,2.1588582417375197,COMPLETE
301,57.12714195251465,2.2496994584798813,0.0,1.7801122665405273,2026-07-23 21:06:42.830260,2026-07-23 21:07:41.779141,0 days 00:00:58.948881,17.642365324940744,9.10546610958049,1,5,1,0.5679556833593836,49,1.7891743083318552,1.0507892951378106,2.161420300090108,COMPLETE
302,77.84498929977417,1.9231585785746574,0.0,1.699894718825817,2026-07-23 21:06:43.709198,2026-07-23 21:07:39.781143,0 days 00:00:56.071945,18.336227680487582,15.77482373258805,1,5,1,0.5765688075377912,49,0.9199914031944871,0.8231365229561287,2.156680789572464,COMPLETE
303,77.91831493377686,84.26278829574585,0.002297319042554591,5.826010033488274,2026-07-23 21:07:12.229474,2026-07-23 21:10:20.495502,0 days 00:03:08.266028,18.242778587766878,18.443916525351412,6,5,1,0.515979668581207,27,1.7554227004291207,0.7681479554770988,2.203538266378315,COMPLETE
304,81.39023184776306,79.83394265174866,0.0022726584575138986,3.4423088058829308,2026-07-23 21:07:20.453021,2026-07-23 21:09:12.493239,0 days 00:01:52.040218,18.15198040219805,18.360844492259243,6,5,1,0.5196828765604503,38,0.7801410697642461,0.7595726063979592,2.3372154913332697,COMPLETE
305,72.62061834335327,88.00195455551147,0.0026905467166216113,12.142559073865414,2026-07-23 21:07:39.804823,2026-07-23 21:14:10.045743,0 days 00:06:30.240920,17.68582597205798,18.634112212863673,6,5,1,0.5141201335800637,54,3.8321856780122525,0.7780273124153411,2.335619600414315,COMPLETE
306,78.53424549102783,84.30023789405823,0.0022650698156212457,6.6985197737813,2026-07-23 21:07:41.803610,2026-07-23 21:11:17.784072,0 days 00:03:35.980462,18.301725894462503,18.677486114702486,6,5,1,0.5134388167787,27,0.7965475708429576,0.7786836272388682,6.6277053113811215,COMPLETE
307,86.25898361206055,10.467614233493805,0.00947867301874794,3.958176262676716,2026-07-23 21:09:12.515487,2026-07-23 21:11:20.610295,0 days 00:02:08.094808,10.662630128907534,18.63675636020628,3,5,1,0.5347383552393357,54,0.8013788809538247,0.7793339042747922,6.486837669513035,COMPLETE
308,87.23419904708862,53.58765721321106,0.07597563089802861,6.652889862656593,2026-07-23 21:10:20.517059,2026-07-23 21:13:54.987451,0 days 00:03:34.470392,18.822423546365158,18.502192003193553,3,5,5,0.5340205614362112,58,0.818432594815062,0.7971067405159542,6.307768934079471,COMPLETE
309,89.8408830165863,68.24329495429993,0.04846570082008839,14.338043205440044,2026-07-23 21:11:17.806720,2026-07-23 21:18:58.344260,0 days 00:07:40.537540,18.91183469159242,19.035440757081457,3,5,5,0.5332262509564065,53,4.4675625401500145,0.746307576060556,2.389245250375242,COMPLETE
310,,,,,2026-07-23 21:11:20.631861,2026-07-23 23:11:20.956764,0 days 02:00:00.324903,18.867625966819336,19.127314112963056,5,5,5,0.5341239361684836,57,4.461235672431601,0.7421490816218231,9.40702896598535,PRUNED
311,95.32555937767029,59.19548273086548,0.0077919547038618475,16.059460930526257,2026-07-23 21:13:55.008050,2026-07-23 21:22:30.579368,0 days 00:08:35.571318,18.890917310508026,19.294917042822064,3,5,1,0.5364530639173745,52,4.440513685347087,0.32788626470188575,2.3609914056718084,COMPLETE
312,90.10851979255676,32.46426284313202,0.007573606126243249,3.615901455283165,2026-07-23 21:14:10.066534,2026-07-23 21:16:07.125987,0 days 00:01:57.059453,19.401900435414113,20.010252133098078,3,5,1,0.30187969169285933,34,0.6899428230745486,0.7460441071532485,5.671611395005098,COMPLETE
313,86.98856234550476,76.32452249526978,0.007076695328578353,4.978103615343571,2026-07-23 21:16:07.152042,2026-07-23 21:18:48.478765,0 days 00:02:41.326723,18.980393806109795,21.570866807513873,5,5,1,0.5303342639552919,30,0.7115251765553051,0.7188657257838404,5.042893523843352,COMPLETE
314,91.42836332321167,2.183959260582924,0.0,1.833271600306034,2026-07-23 21:18:48.502175,2026-07-23 21:19:48.895873,0 days 00:01:00.393698,18.66587070080608,19.242905725910155,1,5,1,0.5371870037120755,51,0.6048182126184147,0.7118839148157167,2.7524106720285118,COMPLETE
315,64.12230730056763,1.8315205350518227,0.0,1.958117239177227,2026-07-23 21:18:58.367619,2026-07-23 21:20:02.546753,0 days 00:01:04.179134,17.623515537453006,19.317318553395598,1,5,1,0.5475424574894643,25,0.5893057135083045,0.9581918500428579,7.0132597821169735,COMPLETE
316,92.51723289489746,1.2262633070349693,0.0,4.356521666049957,2026-07-23 21:19:48.913908,2026-07-23 21:22:09.752408,0 days 00:02:20.838500,19.851271176310387,18.051807453819208,1,7,1,0.5570905168609412,63,3.242494128968449,0.715364527253275,2.2490638670827345,COMPLETE
