number,values_0,values_1,values_2,values_3,datetime_start,datetime_complete,duration,params_ckf_chi2CutOffMeasurement,params_ckf_chi2CutOffOutlier_margin,params_ckf_maxHolesAndOutliers,params_ckf_nMeasurementsMin,params_ckf_numMeasurementsCutOff,params_ckf_ptMin,params_num_seeds_per_spm,params_seed_impactMax,params_seed_minPt,params_seed_sigmaScattering,state
476,95.80583572387695,1.8247481435537338,0.00316796540573705,2.0159298703074455,2026-07-23 22:49:07.724772,2026-07-23 22:50:14.617356,0 days 00:01:06.892584,15.011252491511144,6.140055048555779,1,5,1,0.6102157737543755,49,0.5782340665771468,0.6152022938434517,2.5644026001797986,COMPLETE
477,95.62985897064209,1.658204197883606,0.0064271480368915945,1.821888230741024,2026-07-23 22:49:29.271447,2026-07-23 22:50:29.258338,0 days 00:00:59.986891,14.252408179457099,6.41929153738626,1,5,1,0.6128437400602941,32,0.5916932521268038,0.6214791473150577,2.0018908407431972,COMPLETE
478,61.37630343437195,0.1421423745341599,0.0,1.3302349671721458,2026-07-23 22:49:36.401176,2026-07-23 22:50:20.810573,0 days 00:00:44.409397,14.239632183501524,5.899472324474779,1,8,1,0.547819680337873,49,0.6399757108203774,0.9211001519322606,2.0005777729108876,COMPLETE
479,63.93899321556091,0.21623848006129265,0.0,2.271248884499073,2026-07-23 22:50:14.639733,2026-07-23 22:51:29.986481,0 days 00:01:15.346748,13.991883368499215,16.842945762305945,1,8,1,0.5491706819512119,23,2.44084710193219,0.9571564871502923,2.277738431876329,COMPLETE
480,62.20486760139465,0.06692320457659662,0.0,1.4140905514359474,2026-07-23 22:50:20.831412,2026-07-23 22:51:08.663526,0 days 00:00:47.832114,12.387510258037931,16.68330941019834,1,8,3,0.545014524091058,51,0.6646768581573423,0.9177131023078842,2.008095084892153,COMPLETE
481,59.88048315048218,0.06387921166606247,0.0,1.4101253375411034,2026-07-23 22:50:29.278624,2026-07-23 22:51:17.076399,0 days 00:00:47.797775,12.272455600280823,5.420332394887748,1,8,3,0.5496375194699721,51,0.6686412858826732,0.9391930342601702,2.138480371212406,COMPLETE
482,62.03255653381348,0.06674453616142273,0.0,1.419401116669178,2026-07-23 22:51:08.683925,2026-07-23 22:51:55.678106,0 days 00:00:46.994181,14.554656442369838,5.840203291464823,1,8,2,0.5385233426680347,52,0.6613728545413108,0.9249623547535646,2.1379949913107668,COMPLETE
483,62.905120849609375,0.07075985195115209,0.0,1.441250205039978,2026-07-23 22:51:17.096655,2026-07-23 22:52:05.400457,0 days 00:00:48.303802,14.731269207968648,5.595821968475739,1,8,2,0.5252780283368792,53,0.6698962202198055,0.9202357864547404,2.2414909042979563,COMPLETE
484,59.634846448898315,0.05890321917831898,0.0,1.2900408878922462,2026-07-23 22:51:30.008097,2026-07-23 22:52:12.860125,0 days 00:00:42.852028,14.63764921886651,5.804691315397536,1,8,2,0.5334015268009185,50,0.5039147935527385,0.9290913561780435,2.004316867437838,COMPLETE
485,59.82182025909424,0.0644858693704009,0.0,1.339229829609394,2026-07-23 22:51:55.699928,2026-07-23 22:52:40.413505,0 days 00:00:44.713577,13.619597942587694,15.185963264624533,1,8,2,0.5314309702122351,50,0.5047263416067255,0.9295989941349172,2.3248291706377575,COMPLETE
486,93.96905899047852,0.23461184464395046,0.0,2.3033782616257668,2026-07-23 22:52:05.422451,2026-07-23 22:53:20.942107,0 days 00:01:15.519656,14.816093271897884,15.336453197929536,1,8,1,0.5262012474715106,53,0.7346310767774975,0.5510880089992619,2.0002449427100144,COMPLETE
487,94.47866082191467,0.2602113177999854,0.0026283971237717196,5.493773855268955,2026-07-23 22:52:12.882700,2026-07-23 22:55:09.941875,0 days 00:02:57.059175,9.88278663772883,20.455867003928972,1,8,2,0.5440932538444107,53,2.497457395699583,0.5366998823838525,2.2896523353455285,COMPLETE
488,93.30180287361145,0.150619528722018,0.0,2.0055782571434975,2026-07-23 22:52:40.437088,2026-07-23 22:53:46.121073,0 days 00:01:05.683985,10.082417551965582,20.523791801245483,1,8,2,0.5232060982684614,55,0.5065270576423275,0.5859513501894338,2.2868665301569164,COMPLETE
489,93.30913424491882,0.16328435158357024,0.0,1.9842102751135826,2026-07-23 22:53:20.962506,2026-07-23 22:54:25.983010,0 days 00:01:05.020504,10.078148281621484,20.373977109293996,1,8,2,0.5534855219141175,21,0.5084006056294447,0.582872187772295,2.2829346047814845,COMPLETE
490,92.56489276885986,0.16046108212321997,0.0,1.8947982490062714,2026-07-23 22:53:46.142019,2026-07-23 22:54:48.492048,0 days 00:01:02.350029,8.350994075043854,20.292545520425005,1,8,2,0.562517448765992,21,0.5877356140944346,0.6384956318801461,2.276433605084708,COMPLETE
491,92.39991307258606,0.24989251978695393,0.0,6.294194184243679,2026-07-23 22:54:26.005218,2026-07-23 22:57:48.901199,0 days 00:03:22.895981,6.599193389186095,20.809821112120748,1,8,2,0.5388873450711195,53,2.496488592867945,0.5421228970552951,3.254420483972811,COMPLETE
492,91.88297390937805,0.35201949067413807,0.0,4.982144683599472,2026-07-23 22:54:48.516195,2026-07-23 22:57:29.812573,0 days 00:02:41.296378,6.857171406321832,21.462982811386805,1,8,1,0.5283625416895635,49,2.5895669135410815,0.5367671863131098,2.174314780048123,COMPLETE
493,93.5254454612732,0.2777698216959834,0.0,4.341360069811344,2026-07-23 22:55:09.963046,2026-07-23 22:57:30.537232,0 days 00:02:20.574186,9.302478095072907,19.875448844057836,1,8,1,0.5377155924573728,49,2.6344508251955716,0.6017114568734475,2.156730471027653,COMPLETE
494,93.85907053947449,0.23154332302510738,0.0,2.0587308928370476,2026-07-23 22:57:29.833839,2026-07-23 22:58:37.069203,0 days 00:01:07.235364,15.26582109815653,20.944119490035764,1,8,1,0.5598157523644043,49,0.649389450817242,0.5962416993452531,2.1340494281681983,COMPLETE
495,89.80789184570312,0.2898050704970956,0.0,1.8650829568505287,2026-07-23 22:57:30.558342,2026-07-23 22:58:31.936493,0 days 00:01:01.378151,6.475508768386013,22.569379848373384,1,8,1,0.5655772501063792,22,0.63727893979954,0.6457157622079083,2.4084914595872746,COMPLETE
496,81.80451393127441,0.1784972962923348,0.0,1.5490234792232513,2026-07-23 22:57:48.924228,2026-07-23 22:58:40.079499,0 days 00:00:51.155271,15.19295569613201,16.0181076039831,1,8,1,0.563993368492106,18,0.6459358356195902,0.7637687328072764,2.0060926744726526,COMPLETE
497,92.44024157524109,0.2062635263428092,0.0,1.746399626135826,2026-07-23 22:58:31.959647,2026-07-23 22:59:29.853529,0 days 00:00:57.893882,15.287802090744727,21.37056930744752,1,8,1,0.5528359855530437,21,0.6426052215357804,0.67690995338755,2.1274529311198096,COMPLETE
498,81.41223192214966,0.17466522986069322,0.0,1.4394369795918465,2026-07-23 22:58:37.093345,2026-07-23 22:59:25.376417,0 days 00:00:48.283072,14.318831808535764,16.136956011170746,1,8,1,0.4956756058164711,23,0.5009665017977403,0.759382544974552,2.001671238558521,COMPLETE
499,80.48834204673767,0.1620952971279621,0.0,1.45907873660326,2026-07-23 22:58:40.101720,2026-07-23 22:59:28.291088,0 days 00:00:48.189368,15.522907084211342,15.502907714469416,1,8,1,0.5566874614792079,17,0.5240124530680128,0.7683800443783727,2.041573284717135,COMPLETE
500,95.58219909667969,12.48074695467949,0.3626968711614609,12.613250948488712,2026-07-23 22:59:25.401874,2026-07-23 23:06:10.684880,0 days 00:06:45.283006,14.36527769369555,16.16026122461083,5,8,4,0.4620864186957604,24,3.074985389916131,0.4841097423350433,7.076079550707607,COMPLETE
501,95.78750729560852,12.854760885238647,0.320295849815011,9.392187640070915,2026-07-23 22:59:28.311888,2026-07-23 23:04:30.744095,0 days 00:05:02.432207,14.327211725551237,16.166113505262842,4,8,4,0.45976944287076466,23,0.5093343516340952,0.42752642871298674,7.117716133527119,COMPLETE
502,83.17935466766357,1.7392130568623543,0.0063359308114741,6.074311852455139,2026-07-23 22:59:29.876398,2026-07-23 23:02:46.025467,0 days 00:03:16.149069,14.360958355902003,16.38118181741867,3,8,1,0.46435552551894704,22,4.627209033299418,0.8216281690826526,7.13389853801757,COMPLETE
503,93.73075366020203,15.921574831008911,0.30534127727150917,14.876291401684284,2026-07-23 23:02:46.046743,2026-07-23 23:10:43.953659,0 days 00:07:57.906916,14.434256312862152,16.1040103969342,5,8,4,0.44652487588686696,23,3.4512599934420662,0.3515194147157925,9.289691546962525,COMPLETE
