number,values_0,values_1,values_2,values_3,datetime_start,datetime_complete,duration,params_ckf_chi2CutOffMeasurement,params_ckf_chi2CutOffOutlier_margin,params_ckf_maxHolesAndOutliers,params_ckf_nMeasurementsMin,params_ckf_numMeasurementsCutOff,params_ckf_ptMin,system_attrs_NSGAIISampler:generation,state
96,58.105963468551636,2.4149034172296524,0.022999079374130815,37.10339379310608,2026-07-22 16:20:16.689454,2026-07-22 16:20:55.287028,0 days 00:00:38.597574,26.175316837649746,27.253615809668737,1,7,5,0.8845124789713474,1,COMPLETE
97,89.50483798980713,0.6307490170001984,0.013140605005901307,40.912893533706665,2026-07-22 16:20:18.473776,2026-07-22 16:21:01.810911,0 days 00:00:43.337135,29.08032433489929,17.001280963301525,1,8,2,0.5427416789985711,1,COMPLETE
98,65.15085697174072,0.2798105822876096,0.0,28.990731239318848,2026-07-22 16:20:21.933132,2026-07-22 16:20:52.443181,0 days 00:00:30.510049,8.636233845560943,2.9210790898698313,2,8,1,0.8051048641899698,1,COMPLETE
99,57.066553831100464,61.722880601882935,0.0,40.12741827964783,2026-07-22 16:20:22.920675,2026-07-22 16:21:04.865606,0 days 00:00:41.944931,14.176072800491253,14.812960421453568,5,6,1,0.8738216342354261,1,COMPLETE
