number,values_0,values_1,values_2,values_3,datetime_start,datetime_complete,duration,params_ckf_chi2CutOffMeasurement,params_ckf_chi2CutOffOutlier,params_ckf_chi2CutOffOutlier_margin,params_ckf_maxHolesAndOutliers,params_ckf_nMeasurementsMin,params_ckf_numMeasurementsCutOff,params_ckf_ptMin,system_attrs_NSGAIISampler:generation,state
99,96.83845639228821,10.588093101978302,0.0,58.29030966758728,2026-07-22 16:49:32.564150,2026-07-22 16:50:32.504865,0 days 00:00:59.940715,23.872908824876657,,14.36947682424266,1,5,2,0.6516164330374419,1,COMPLETE
