number,values_0,values_1,values_2,values_3,datetime_start,datetime_complete,duration,params_ckf_chi2CutOffMeasurement,params_ckf_chi2CutOffOutlier,params_ckf_chi2CutOffOutlier_margin,params_ckf_maxHolesAndOutliers,params_ckf_nMeasurementsMin,params_ckf_numMeasurementsCutOff,params_ckf_ptMin,system_attrs_NSGAIISampler:generation,state
97,72.85982370376587,6.746702641248703,0.21981738973408937,247.72043871879578,2026-07-22 17:03:48.613211,2026-07-22 17:07:58.130948,0 days 00:04:09.517737,29.394835069795885,,17.50125522622369,3,9,4,0.7958999663126902,1,COMPLETE
98,35.45546531677246,39.97332155704498,0.3112494479864836,465.0807271003723,2026-07-22 17:04:45.967525,2026-07-22 17:12:32.581138,0 days 00:07:46.613613,27.412412930807342,,14.73442899795719,6,8,4,1.126700979014659,1,COMPLETE
99,63.38963508605957,75.72699785232544,0.010348753130529076,129.82674622535706,2026-07-22 17:07:58.148549,2026-07-22 17:10:10.652648,0 days 00:02:12.504099,12.324285452043553,,18.12620056436408,6,5,1,0.8294262829515211,1,COMPLETE
